生成启动时间为 2016/5/5 17:45:29。
     1>项目“E:\大三下\y\homework\getEggs\proj.win32\GetEggsProject.vcxproj”在节点 2 上(Build 个目标)。
     1>ClCompile:
         D:\VS2013\VC\bin\CL.exe /c /I"D:\coco2dx\Cocos2d-x\cocos2d-x-3.10\cocos\audio\include" /I"D:\coco2dx\Cocos2d-x\cocos2d-x-3.10\external" /I"D:\coco2dx\Cocos2d-x\cocos2d-x-3.10\external\chipmunk\include\chipmunk" /I"D:\coco2dx\Cocos2d-x\cocos2d-x-3.10\extensions" /I..\Classes /I.. /I"D:\coco2dx\Cocos2d-x\cocos2d-x-3.10\cocos\2d\..\..\cocos\editor-support" /I"D:\coco2dx\Cocos2d-x\cocos2d-x-3.10\cocos\2d\..\..\cocos" /I"D:\coco2dx\Cocos2d-x\cocos2d-x-3.10\cocos\2d\..\..\cocos\platform" /I"D:\coco2dx\Cocos2d-x\cocos2d-x-3.10\cocos\2d\..\..\cocos\platform\desktop" /I"D:\coco2dx\Cocos2d-x\cocos2d-x-3.10\cocos\2d\..\..\external\glfw3\include\win32" /I"D:\coco2dx\Cocos2d-x\cocos2d-x-3.10\cocos\2d\..\..\external\win32-specific\gles\include\OGLES" /I"D:\coco2dx\Cocos2d-x\cocos2d-x-3.10\cocos\2d\..\..\external\freetype2\include\win32\freetype2" /I"D:\coco2dx\Cocos2d-x\cocos2d-x-3.10\cocos\2d\..\..\external\freetype2\include\win32\\" /I"D:\coco2dx\Cocos2d-x\cocos2d-x-3.10\cocos\2d\..\..\external" /ZI /nologo /W3 /WX- /MP /Od /Oy- /D WIN32 /D _WINDOWS /D _USE_MATH_DEFINES /D GL_GLEXT_PROTOTYPES /D CC_ENABLE_CHIPMUNK_INTEGRATION=1 /D COCOS2D_DEBUG=1 /D _CRT_SECURE_NO_WARNINGS /D _SCL_SECURE_NO_WARNINGS /D _VARIADIC_MAX=10 /D _USING_V110_SDK71_ /D _UNICODE /D UNICODE /Gm- /EHsc /RTC1 /MD /GS /fp:precise /Zc:wchar_t /Zc:forScope /Fo"Debug.win32\\" /Fd"Debug.win32\vc120.pdb" /Gd /TP /wd4267 /wd4251 /wd4244 /analyze- /errorReport:prompt ..\Classes\Basket.cpp
         Basket.cpp
     1>e:\大三下\y\homework\geteggs\classes\basket.cpp(49): warning C4996: 'cocos2d::ccp': 被声明为已否决
                 d:\coco2dx\cocos2d-x\cocos2d-x-3.10\cocos\deprecated\ccdeprecated.h(49) : 参见“cocos2d::ccp”的声明
       PreLinkEvent:
         if not exist "E:\大三下\y\homework\getEggs\proj.win32\Debug.win32\" mkdir "E:\大三下\y\homework\getEggs\proj.win32\Debug.win32\"
         xcopy /Y /Q "D:\coco2dx\Cocos2d-x\cocos2d-x-3.10\prebuilt\win32\*.*" "E:\大三下\y\homework\getEggs\proj.win32\Debug.win32\"
         
         :VCEnd
         复制了 60 个文件
       Link:
         D:\VS2013\VC\bin\link.exe /ERRORREPORT:PROMPT /OUT:"E:\大三下\y\homework\getEggs\proj.win32\Debug.win32\GetEggsProject.exe" /INCREMENTAL /NOLOGO /LIBPATH:"E:\大三下\y\homework\getEggs\proj.win32\Debug.win32\\" /LIBPATH:"E:\大三下\y\homework\getEggs\proj.win32\Debug.win32\\" opengl32.lib glew32.lib libzlib.lib libwebp.lib libiconv.lib freetype.lib winmm.lib ws2_32.lib kernel32.lib user32.lib gdi32.lib winspool.lib comdlg32.lib advapi32.lib shell32.lib ole32.lib oleaut32.lib uuid.lib odbc32.lib odbccp32.lib /MANIFEST /MANIFESTUAC:"level='asInvoker' uiAccess='false'" /manifest:embed /DEBUG /PDB:"E:\大三下\y\homework\getEggs\proj.win32\Debug.win32\GetEggsProject.pdb" /SUBSYSTEM:WINDOWS,"5.01" /TLBID:1 /DYNAMICBASE /NXCOMPAT /IMPLIB:"E:\大三下\y\homework\getEggs\proj.win32\Debug.win32\GetEggsProject.lib" /MACHINE:X86 /SAFESEH Debug.win32\game.res
         Debug.win32\AppDelegate.obj
         Debug.win32\Basket.obj
         Debug.win32\GameScene.obj
         Debug.win32\HelloWorldScene.obj
         Debug.win32\MainMenuLayer.obj
         Debug.win32\main.obj
         GetEggsProject.vcxproj -> E:\大三下\y\homework\getEggs\proj.win32\Debug.win32\GetEggsProject.exe
       CustomBuildStep:
         if not exist "E:\大三下\y\homework\getEggs\proj.win32\Debug.win32\" mkdir "E:\大三下\y\homework\getEggs\proj.win32\Debug.win32\"
         xcopy "E:\大三下\y\homework\getEggs\proj.win32\..\Resources" "E:\大三下\y\homework\getEggs\proj.win32\Debug.win32\" /D /E /I /F /Y
               
         :VCEnd
         复制了 0 个文件
     1>已完成生成项目“E:\大三下\y\homework\getEggs\proj.win32\GetEggsProject.vcxproj”(Build 个目标)的操作。

生成成功。

已用时间 00:00:13.51
