e:\supereggs\proj.win32\debug.win32\helloworldscene.obj
e:\supereggs\proj.win32\debug.win32\appdelegate.obj
e:\supereggs\proj.win32\debug.win32\mainmenulayer.obj
e:\supereggs\proj.win32\debug.win32\main.obj
e:\supereggs\proj.win32\debug.win32\vc120.pdb
e:\supereggs\proj.win32\debug.win32\vc120.idb
e:\supereggs\proj.win32\debug.win32\geteggsproject.lib
e:\supereggs\proj.win32\debug.win32\geteggsproject.exp
e:\supereggs\proj.win32\geteggsproject.cab
e:\supereggs\proj.win32\debug.win32\geteggsproject.ilk
e:\supereggs\proj.win32\debug.win32\geteggsproject.exe
e:\supereggs\proj.win32\debug.win32\geteggsproject.pdb
e:\supereggs\proj.win32\debug.win32\game.res
e:\supereggs\proj.win32\debug.win32\geteggsproject.tlog\cl.command.1.tlog
e:\supereggs\proj.win32\debug.win32\geteggsproject.tlog\cl.read.1.tlog
e:\supereggs\proj.win32\debug.win32\geteggsproject.tlog\cl.write.1.tlog
e:\supereggs\proj.win32\debug.win32\geteggsproject.tlog\geteggsproject.write.1u.tlog
e:\supereggs\proj.win32\debug.win32\geteggsproject.tlog\link.command.1.tlog
e:\supereggs\proj.win32\debug.win32\geteggsproject.tlog\link.read.1.tlog
e:\supereggs\proj.win32\debug.win32\geteggsproject.tlog\link.write.1.tlog
e:\supereggs\proj.win32\debug.win32\geteggsproject.tlog\rc.command.1.tlog
e:\supereggs\proj.win32\debug.win32\geteggsproject.tlog\rc.read.1.tlog
e:\supereggs\proj.win32\debug.win32\geteggsproject.tlog\rc.write.1.tlog
